<?xml version="1.0" encoding="UTF-8"?>
<testsuite name="dev.projects.otus.dymanicarray.MatrixArrayTests" tests="1" skipped="0" failures="0" errors="0" timestamp="2022-03-11T10:01:49" hostname="vyn-ubuntu" time="22.458">
  <properties/>
  <testcase name="matrixArrayRemoveTest()" classname="dev.projects.otus.dymanicarray.MatrixArrayTests" time="22.458"/>
  <system-out><![CDATA[]]></system-out>
  <system-err><![CDATA[]]></system-err>
</testsuite>
